<?xml version="1.0" encoding="UTF-8"?>
<!-- Generated by org.testng.reporters.JUnitReportReporter -->
<testsuite hostname="NTS203564L" name="com.retailapp.tests.AddCategoryTest" tests="1" failures="0" timestamp="15 Jul 2020 13:07:09 GMT" time="2.933" errors="0">
  <testcase name="addCat" time="2.933" classname="com.retailapp.tests.AddCategoryTest"/>
</testsuite> <!-- com.retailapp.tests.AddCategoryTest -->
