<?xml version="1.0" encoding="UTF-8"?>
<!-- Generated by org.testng.reporters.JUnitReportReporter -->
<testsuite hostname="NTS203564L" name="com.retailapp.tests.AddProductTest" tests="1" failures="0" timestamp="17 Jul 2020 02:39:47 GMT" time="3.471" errors="0">
  <testcase name="addCarProducts" time="3.471" classname="com.retailapp.tests.AddProductTest"/>
</testsuite> <!-- com.retailapp.tests.AddProductTest -->
