<?xml version="1.0" encoding="UTF-8"?>
<!-- Generated by org.testng.reporters.JUnitReportReporter -->
<testsuite hostname="NTS203564L" name="com.retailapp.tests.AddCategory" tests="3" failures="0" timestamp="21 Jul 2020 03:22:12 GMT" time="0.249" errors="0">
  <testcase name="addCat" time="0.152" classname="com.retailapp.tests.AddCategory"/>
  <testcase name="addCat" time="0.059" classname="com.retailapp.tests.AddCategory"/>
  <testcase name="addCat" time="0.038" classname="com.retailapp.tests.AddCategory"/>
</testsuite> <!-- com.retailapp.tests.AddCategory -->
