<?xml version="1.0" encoding="UTF-8"?>
<!-- Generated by org.testng.reporters.JUnitReportReporter -->
<testsuite hostname="NTS203564L" name="com.retailapp.tests.LoginTest" tests="3" failures="0" timestamp="25 Jul 2020 10:19:14 GMT" time="4.613" errors="0">
  <testcase name="doLogin" time="3.744" classname="com.retailapp.tests.LoginTest"/>
  <testcase name="doLogin" time="0.434" classname="com.retailapp.tests.LoginTest"/>
  <testcase name="doLogin" time="0.435" classname="com.retailapp.tests.LoginTest"/>
</testsuite> <!-- com.retailapp.tests.LoginTest -->
